;IR code
;LABEL factorial
;LINK 
;STOREI 1 $T1
;NEI $P1 $T1 label1
;STOREI 1 $T2
;STOREI $T2 $T3
;STOREI $T3 $R
;RET
;JUMP label2
;LABEL label1
;STOREI 1 $T4
;SUBI $P1 $T4 $T5
;PUSH 
;PUSH $T5
;JSR factorial
;POP 
;POP $T6
;STOREI $T6 $L2
;MULTI $L2 $P1 $T7
;STOREI $T7 $L1
;LABEL label2
;STOREI $L1 $T8
;STOREI $T8 $R
;RET
;LABEL main
;LINK 
;WRITES input
;READI $L1
;STOREI 1 $T1
;NEI $L1 $T1 label3
;STOREI 1 $T2
;STOREI $T2 $L2
;LABEL label3
;STOREI 1 $T3
;LEI $L1 $T3 label4
;PUSH 
;PUSH $L1
;JSR factorial
;POP 
;POP $T4
;STOREI $T4 $L2
;JUMP label5
;LABEL label4
;STOREI 0 $T5
;STOREI $T5 $L2
;LABEL label5
;WRITEI $L2
;WRITES eol
;STOREI 0 $T6
;STOREI $T6 $T7
;STOREI $T7 $R
;RET
;tiny code
str input "Please enter an integer number: "
str eol "\n"
push
push r0
push r1
push r2
push r3
push r4
push r5
push r6
push r7
push r8
push r9
push r10
push r11
push r12
push r13
push r14
push r15
push r16
push r17
push r18
push r19
push r20
push r21
push r22
push r23
push r24
push r25
push r26
push r27
push r28
push r29
push r30
push r31
push r32
push r33
push r34
push r35
push r36
push r37
push r38
push r39
push r40
push r41
push r42
push r43
push r44
push r45
push r46
push r47
push r48
push r49
push r50
push r51
push r52
push r53
push r54
push r55
push r56
push r57
push r58
push r59
push r60
push r61
push r62
push r63
push r64
push r65
push r66
push r67
push r68
push r69
push r70
push r71
push r72
push r73
push r74
push r75
push r76
push r77
push r78
push r79
push r80
push r81
push r82
push r83
push r84
push r85
push r86
push r87
push r88
push r89
push r90
push r91
push r92
push r93
push r94
push r95
push r96
push r97
push r98
push r99
jsr main
sys halt
label factorial 
link 2
move 1 r0
move r0 r8
cmpi $102 r8
jne label1
move 1 r1
move r1 r2
move r2 $103
unlnk
ret
jmp label2 
label label1 
move 1 r3
move $102 r4
subi r3 r4
push
push r4
push r0
push r1
push r2
push r3
push r4
push r5
push r6
push r7
push r8
push r9
push r10
push r11
push r12
push r13
push r14
push r15
push r16
push r17
push r18
push r19
push r20
push r21
push r22
push r23
push r24
push r25
push r26
push r27
push r28
push r29
push r30
push r31
push r32
push r33
push r34
push r35
push r36
push r37
push r38
push r39
push r40
push r41
push r42
push r43
push r44
push r45
push r46
push r47
push r48
push r49
push r50
push r51
push r52
push r53
push r54
push r55
push r56
push r57
push r58
push r59
push r60
push r61
push r62
push r63
push r64
push r65
push r66
push r67
push r68
push r69
push r70
push r71
push r72
push r73
push r74
push r75
push r76
push r77
push r78
push r79
push r80
push r81
push r82
push r83
push r84
push r85
push r86
push r87
push r88
push r89
push r90
push r91
push r92
push r93
push r94
push r95
push r96
push r97
push r98
push r99
jsr factorial
pop r99
pop r98
pop r97
pop r96
pop r95
pop r94
pop r93
pop r92
pop r91
pop r90
pop r89
pop r88
pop r87
pop r86
pop r85
pop r84
pop r83
pop r82
pop r81
pop r80
pop r79
pop r78
pop r77
pop r76
pop r75
pop r74
pop r73
pop r72
pop r71
pop r70
pop r69
pop r68
pop r67
pop r66
pop r65
pop r64
pop r63
pop r62
pop r61
pop r60
pop r59
pop r58
pop r57
pop r56
pop r55
pop r54
pop r53
pop r52
pop r51
pop r50
pop r49
pop r48
pop r47
pop r46
pop r45
pop r44
pop r43
pop r42
pop r41
pop r40
pop r39
pop r38
pop r37
pop r36
pop r35
pop r34
pop r33
pop r32
pop r31
pop r30
pop r29
pop r28
pop r27
pop r26
pop r25
pop r24
pop r23
pop r22
pop r21
pop r20
pop r19
pop r18
pop r17
pop r16
pop r15
pop r14
pop r13
pop r12
pop r11
pop r10
pop r9
pop r8
pop r7
pop r6
pop r5
pop r4
pop r3
pop r2
pop r1
pop r0
pop
pop r5
move r5 $-2
move $-2 r6
muli $102 r6
move r6 $-1
label label2 
move $-1 r7
move r7 $103
unlnk
ret
label main 
link 2
sys writes input
sys readi $-1
move 1 r0
move r0 r7
cmpi $-1 r7
jne label3
move 1 r1
move r1 $-2
label label3 
move 1 r2
move r2 r7
cmpi $-1 r7
jle label4
push
push $-1
push r0
push r1
push r2
push r3
push r4
push r5
push r6
push r7
push r8
push r9
push r10
push r11
push r12
push r13
push r14
push r15
push r16
push r17
push r18
push r19
push r20
push r21
push r22
push r23
push r24
push r25
push r26
push r27
push r28
push r29
push r30
push r31
push r32
push r33
push r34
push r35
push r36
push r37
push r38
push r39
push r40
push r41
push r42
push r43
push r44
push r45
push r46
push r47
push r48
push r49
push r50
push r51
push r52
push r53
push r54
push r55
push r56
push r57
push r58
push r59
push r60
push r61
push r62
push r63
push r64
push r65
push r66
push r67
push r68
push r69
push r70
push r71
push r72
push r73
push r74
push r75
push r76
push r77
push r78
push r79
push r80
push r81
push r82
push r83
push r84
push r85
push r86
push r87
push r88
push r89
push r90
push r91
push r92
push r93
push r94
push r95
push r96
push r97
push r98
push r99
jsr factorial
pop r99
pop r98
pop r97
pop r96
pop r95
pop r94
pop r93
pop r92
pop r91
pop r90
pop r89
pop r88
pop r87
pop r86
pop r85
pop r84
pop r83
pop r82
pop r81
pop r80
pop r79
pop r78
pop r77
pop r76
pop r75
pop r74
pop r73
pop r72
pop r71
pop r70
pop r69
pop r68
pop r67
pop r66
pop r65
pop r64
pop r63
pop r62
pop r61
pop r60
pop r59
pop r58
pop r57
pop r56
pop r55
pop r54
pop r53
pop r52
pop r51
pop r50
pop r49
pop r48
pop r47
pop r46
pop r45
pop r44
pop r43
pop r42
pop r41
pop r40
pop r39
pop r38
pop r37
pop r36
pop r35
pop r34
pop r33
pop r32
pop r31
pop r30
pop r29
pop r28
pop r27
pop r26
pop r25
pop r24
pop r23
pop r22
pop r21
pop r20
pop r19
pop r18
pop r17
pop r16
pop r15
pop r14
pop r13
pop r12
pop r11
pop r10
pop r9
pop r8
pop r7
pop r6
pop r5
pop r4
pop r3
pop r2
pop r1
pop r0
pop
pop r3
move r3 $-2
jmp label5 
label label4 
move 0 r4
move r4 $-2
label label5 
sys writei $-2
sys writes eol
move 0 r5
move r5 r6
move r6 $101
unlnk
ret
end